2025-05-15 08:08:58,486 - __main__ - INFO - Current directory: d:\Project_sentimen
2025-05-15 08:08:58,487 - __main__ - INFO - Model path: d:\Project_sentimen\model
2025-05-15 08:09:21,223 - __main__ - INFO - PyTorch imported successfully
2025-05-15 08:10:27,663 - tensorflow - DEBUG - Falling back to TensorFlow client; we recommended you install the Cloud TPU client directly with pip install cloud-tpu-client.
2025-05-15 08:10:32,981 - h5py._conv - DEBUG - Creating converter from 7 to 5
2025-05-15 08:10:32,981 - h5py._conv - DEBUG - Creating converter from 5 to 7
2025-05-15 08:10:32,981 - h5py._conv - DEBUG - Creating converter from 7 to 5
2025-05-15 08:10:32,981 - h5py._conv - DEBUG - Creating converter from 5 to 7
2025-05-15 08:10:45,348 - jax._src.path - DEBUG - etils.epath found. Using etils.epath for file I/O.
2025-05-15 08:11:06,856 - tensorflow - WARNING - From C:\Users\Agus\AppData\Local\Packages\PythonSoftwareFoundation.Python.3.11_qbz5n2kfra8p0\LocalCache\local-packages\Python311\site-packages\keras\src\losses.py:2976: The name tf.losses.sparse_softmax_cross_entropy is deprecated. Please use tf.compat.v1.losses.sparse_softmax_cross_entropy instead.

2025-05-15 08:11:25,398 - __main__ - INFO - Transformers imported successfully
2025-05-15 08:11:25,398 - __main__ - INFO - Checking model directory: d:\Project_sentimen\model
2025-05-15 08:11:25,398 - __main__ - INFO - Files in model directory: ['config.json', 'model.safetensors', 'special_tokens_map.json', 'tokenizer_config.json', 'vocab.txt']
2025-05-15 08:11:25,416 - __main__ - WARNING - Missing required files: ['pytorch_model.bin']
2025-05-15 08:11:25,417 - __main__ - INFO - Initial model loading result: {'status': 'warning', 'message': 'Some required files are missing', 'path': 'd:\\Project_sentimen\\model', 'files': ['config.json', 'model.safetensors', 'special_tokens_map.json', 'tokenizer_config.json', 'vocab.txt'], 'missing_files': ['pytorch_model.bin']}
2025-05-15 08:11:25,682 - werkzeug - INFO - [31m[1mWARNING: This is a development server. Do not use it in a production deployment. Use a production WSGI server instead.[0m
 * Running on all addresses (0.0.0.0)
 * Running on http://127.0.0.1:5000
 * Running on http://192.168.0.108:5000
2025-05-15 08:11:25,682 - werkzeug - INFO - [33mPress CTRL+C to quit[0m
2025-05-15 08:11:25,884 - werkzeug - INFO -  * Restarting with watchdog (windowsapi)
2025-05-15 08:11:26,557 - __main__ - INFO - Current directory: d:\Project_sentimen
2025-05-15 08:11:26,557 - __main__ - INFO - Model path: d:\Project_sentimen\model
2025-05-15 08:11:30,704 - __main__ - INFO - PyTorch imported successfully
2025-05-15 08:11:43,907 - tensorflow - DEBUG - Falling back to TensorFlow client; we recommended you install the Cloud TPU client directly with pip install cloud-tpu-client.
2025-05-15 08:11:44,679 - h5py._conv - DEBUG - Creating converter from 7 to 5
2025-05-15 08:11:44,680 - h5py._conv - DEBUG - Creating converter from 5 to 7
2025-05-15 08:11:44,681 - h5py._conv - DEBUG - Creating converter from 7 to 5
2025-05-15 08:11:44,681 - h5py._conv - DEBUG - Creating converter from 5 to 7
2025-05-15 08:11:46,345 - jax._src.path - DEBUG - etils.epath found. Using etils.epath for file I/O.
2025-05-15 08:11:56,110 - tensorflow - WARNING - From C:\Users\Agus\AppData\Local\Packages\PythonSoftwareFoundation.Python.3.11_qbz5n2kfra8p0\LocalCache\local-packages\Python311\site-packages\keras\src\losses.py:2976: The name tf.losses.sparse_softmax_cross_entropy is deprecated. Please use tf.compat.v1.losses.sparse_softmax_cross_entropy instead.

2025-05-15 08:11:58,571 - __main__ - INFO - Transformers imported successfully
2025-05-15 08:11:58,574 - __main__ - INFO - Checking model directory: d:\Project_sentimen\model
2025-05-15 08:11:58,575 - __main__ - INFO - Files in model directory: ['config.json', 'model.safetensors', 'special_tokens_map.json', 'tokenizer_config.json', 'vocab.txt']
2025-05-15 08:11:58,576 - __main__ - WARNING - Missing required files: ['pytorch_model.bin']
2025-05-15 08:11:58,576 - __main__ - INFO - Initial model loading result: {'status': 'warning', 'message': 'Some required files are missing', 'path': 'd:\\Project_sentimen\\model', 'files': ['config.json', 'model.safetensors', 'special_tokens_map.json', 'tokenizer_config.json', 'vocab.txt'], 'missing_files': ['pytorch_model.bin']}
2025-05-15 08:11:58,634 - werkzeug - WARNING -  * Debugger is active!
2025-05-15 08:11:58,654 - werkzeug - INFO -  * Debugger PIN: 437-285-455
2025-05-15 08:11:59,406 - werkzeug - INFO - 127.0.0.1 - - [15/May/2025 08:11:59] "GET / HTTP/1.1" 200 -
2025-05-15 08:11:59,790 - werkzeug - INFO - 127.0.0.1 - - [15/May/2025 08:11:59] "[33mGET /favicon.ico HTTP/1.1[0m" 404 -
2025-05-15 08:12:22,800 - werkzeug - INFO - 192.168.0.108 - - [15/May/2025 08:12:22] "GET / HTTP/1.1" 200 -
2025-05-15 08:12:23,211 - werkzeug - INFO - 192.168.0.108 - - [15/May/2025 08:12:23] "[33mGET /favicon.ico HTTP/1.1[0m" 404 -
